[2023-01-16 21:37:18] local.ERROR: SQLSTATE[HY000] [1698] Access denied for user 'root'@'localhost' (SQL: select * from `oauth_access_tokens` where `id` = 55ad72e9424df43bc6d1761f6e6eb373a2097c7aaf1b83f57000c4e64564f39b64631a95e73d6fc6 limit 1) {"exception":"[object] (Illuminate\\Database\\QueryException(code: 1698): SQLSTATE[HY000] [1698] Access denied for user 'root'@'localhost' (SQL: select * from `oauth_access_tokens` where `id` = 55ad72e9424df43bc6d1761f6e6eb373a2097c7aaf1b83f57000c4e64564f39b64631a95e73d6fc6 limit 1) at /var/www/vhosts/qavah.us/admin.qavah.us/vendor/laravel/framework/src/Illuminate/Database/Connection.php:671)
[stacktrace]
#0 /var/www/vhosts/qavah.us/admin.qavah.us/vendor/laravel/framework/src/Illuminate/Database/Connection.php(631): Illuminate\\Database\\Connection->runQueryCallback()
#1 /var/www/vhosts/qavah.us/admin.qavah.us/vendor/laravel/framework/src/Illuminate/Database/Connection.php(339): Illuminate\\Database\\Connection->run()
#2 /var/www/vhosts/qavah.us/admin.qavah.us/vendor/laravel/framework/src/Illuminate/Database/Query/Builder.php(2270): Illuminate\\Database\\Connection->select()
#3 /var/www/vhosts/qavah.us/admin.qavah.us/vendor/laravel/framework/src/Illuminate/Database/Query/Builder.php(2258): Illuminate\\Database\\Query\\Builder->runSelect()
#4 /var/www/vhosts/qavah.us/admin.qavah.us/vendor/laravel/framework/src/Illuminate/Database/Query/Builder.php(2753): Illuminate\\Database\\Query\\Builder->Illuminate\\Database\\Query\\{closure}()
#5 /var/www/vhosts/qavah.us/admin.qavah.us/vendor/laravel/framework/src/Illuminate/Database/Query/Builder.php(2259): Illuminate\\Database\\Query\\Builder->onceWithColumns()
#6 /var/www/vhosts/qavah.us/admin.qavah.us/vendor/laravel/framework/src/Illuminate/Database/Eloquent/Builder.php(548): Illuminate\\Database\\Query\\Builder->get()
#7 /var/www/vhosts/qavah.us/admin.qavah.us/vendor/laravel/framework/src/Illuminate/Database/Eloquent/Builder.php(532): Illuminate\\Database\\Eloquent\\Builder->getModels()
#8 /var/www/vhosts/qavah.us/admin.qavah.us/vendor/laravel/framework/src/Illuminate/Database/Concerns/BuildsQueries.php(143): Illuminate\\Database\\Eloquent\\Builder->get()
#9 /var/www/vhosts/qavah.us/admin.qavah.us/vendor/laravel/passport/src/TokenRepository.php(28): Illuminate\\Database\\Eloquent\\Builder->first()
#10 /var/www/vhosts/qavah.us/admin.qavah.us/vendor/laravel/passport/src/TokenRepository.php(100): Laravel\\Passport\\TokenRepository->find()
#11 /var/www/vhosts/qavah.us/admin.qavah.us/vendor/laravel/passport/src/Bridge/AccessTokenRepository.php(88): Laravel\\Passport\\TokenRepository->isAccessTokenRevoked()
#12 /var/www/vhosts/qavah.us/admin.qavah.us/vendor/league/oauth2-server/src/AuthorizationValidators/BearerTokenValidator.php(117): Laravel\\Passport\\Bridge\\AccessTokenRepository->isAccessTokenRevoked()
#13 /var/www/vhosts/qavah.us/admin.qavah.us/vendor/league/oauth2-server/src/ResourceServer.php(84): League\\OAuth2\\Server\\AuthorizationValidators\\BearerTokenValidator->validateAuthorization()
#14 /var/www/vhosts/qavah.us/admin.qavah.us/vendor/laravel/passport/src/Guards/TokenGuard.php(207): League\\OAuth2\\Server\\ResourceServer->validateAuthenticatedRequest()
#15 /var/www/vhosts/qavah.us/admin.qavah.us/vendor/laravel/passport/src/Guards/TokenGuard.php(150): Laravel\\Passport\\Guards\\TokenGuard->getPsrRequestViaBearerToken()
#16 /var/www/vhosts/qavah.us/admin.qavah.us/vendor/laravel/passport/src/Guards/TokenGuard.php(113): Laravel\\Passport\\Guards\\TokenGuard->authenticateViaBearerToken()
#17 /var/www/vhosts/qavah.us/admin.qavah.us/vendor/laravel/passport/src/PassportServiceProvider.php(301): Laravel\\Passport\\Guards\\TokenGuard->user()
#18 [internal function]: Laravel\\Passport\\PassportServiceProvider->Laravel\\Passport\\{closure}()
#19 /var/www/vhosts/qavah.us/admin.qavah.us/vendor/laravel/framework/src/Illuminate/Auth/RequestGuard.php(58): call_user_func()
#20 /var/www/vhosts/qavah.us/admin.qavah.us/vendor/laravel/framework/src/Illuminate/Auth/GuardHelpers.php(60): Illuminate\\Auth\\RequestGuard->user()
#21 /var/www/vhosts/qavah.us/admin.qavah.us/vendor/laravel/framework/src/Illuminate/Auth/Middleware/Authenticate.php(63): Illuminate\\Auth\\RequestGuard->check()
#22 /var/www/vhosts/qavah.us/admin.qavah.us/vendor/laravel/framework/src/Illuminate/Auth/Middleware/Authenticate.php(42): Illuminate\\Auth\\Middleware\\Authenticate->authenticate()
#23 /var/www/vhosts/qavah.us/admin.qavah.us/vendor/laravel/framework/src/Illuminate/Pipeline/Pipeline.php(167): Illuminate\\Auth\\Middleware\\Authenticate->handle()
#24 /var/www/vhosts/qavah.us/admin.qavah.us/vendor/laravel/framework/src/Illuminate/Pipeline/Pipeline.php(103): Illuminate\\Pipeline\\Pipeline->Illuminate\\Pipeline\\{closure}()
#25 /var/www/vhosts/qavah.us/admin.qavah.us/vendor/laravel/framework/src/Illuminate/Routing/Router.php(687): Illuminate\\Pipeline\\Pipeline->then()
#26 /var/www/vhosts/qavah.us/admin.qavah.us/vendor/laravel/framework/src/Illuminate/Routing/Router.php(662): Illuminate\\Routing\\Router->runRouteWithinStack()
#27 /var/www/vhosts/qavah.us/admin.qavah.us/vendor/laravel/framework/src/Illuminate/Routing/Router.php(628): Illuminate\\Routing\\Router->runRoute()
#28 /var/www/vhosts/qavah.us/admin.qavah.us/vendor/laravel/framework/src/Illuminate/Routing/Router.php(617): Illuminate\\Routing\\Router->dispatchToRoute()
#29 /var/www/vhosts/qavah.us/admin.qavah.us/vendor/laravel/framework/src/Illuminate/Foundation/Http/Kernel.php(165): Illuminate\\Routing\\Router->dispatch()
#30 /var/www/vhosts/qavah.us/admin.qavah.us/vendor/laravel/framework/src/Illuminate/Pipeline/Pipeline.php(128): Illuminate\\Foundation\\Http\\Kernel->Illuminate\\Foundation\\Http\\{closure}()
#31 /var/www/vhosts/qavah.us/admin.qavah.us/vendor/laravel/framework/src/Illuminate/Foundation/Http/Middleware/TransformsRequest.php(21): Illuminate\\Pipeline\\Pipeline->Illuminate\\Pipeline\\{closure}()
#32 /var/www/vhosts/qavah.us/admin.qavah.us/vendor/laravel/framework/src/Illuminate/Pipeline/Pipeline.php(167): Illuminate\\Foundation\\Http\\Middleware\\TransformsRequest->handle()
#33 /var/www/vhosts/qavah.us/admin.qavah.us/vendor/laravel/framework/src/Illuminate/Foundation/Http/Middleware/TransformsRequest.php(21): Illuminate\\Pipeline\\Pipeline->Illuminate\\Pipeline\\{closure}()
#34 /var/www/vhosts/qavah.us/admin.qavah.us/vendor/laravel/framework/src/Illuminate/Pipeline/Pipeline.php(167): Illuminate\\Foundation\\Http\\Middleware\\TransformsRequest->handle()
#35 /var/www/vhosts/qavah.us/admin.qavah.us/vendor/laravel/framework/src/Illuminate/Foundation/Http/Middleware/ValidatePostSize.php(27): Illuminate\\Pipeline\\Pipeline->Illuminate\\Pipeline\\{closure}()
#36 /var/www/vhosts/qavah.us/admin.qavah.us/vendor/laravel/framework/src/Illuminate/Pipeline/Pipeline.php(167): Illuminate\\Foundation\\Http\\Middleware\\ValidatePostSize->handle()
#37 /var/www/vhosts/qavah.us/admin.qavah.us/vendor/laravel/framework/src/Illuminate/Foundation/Http/Middleware/CheckForMaintenanceMode.php(63): Illuminate\\Pipeline\\Pipeline->Illuminate\\Pipeline\\{closure}()
#38 /var/www/vhosts/qavah.us/admin.qavah.us/vendor/laravel/framework/src/Illuminate/Pipeline/Pipeline.php(167): Illuminate\\Foundation\\Http\\Middleware\\CheckForMaintenanceMode->handle()
#39 /var/www/vhosts/qavah.us/admin.qavah.us/vendor/fruitcake/laravel-cors/src/HandleCors.php(52): Illuminate\\Pipeline\\Pipeline->Illuminate\\Pipeline\\{closure}()
#40 /var/www/vhosts/qavah.us/admin.qavah.us/vendor/laravel/framework/src/Illuminate/Pipeline/Pipeline.php(167): Fruitcake\\Cors\\HandleCors->handle()
#41 /var/www/vhosts/qavah.us/admin.qavah.us/vendor/fideloper/proxy/src/TrustProxies.php(57): Illuminate\\Pipeline\\Pipeline->Illuminate\\Pipeline\\{closure}()
#42 /var/www/vhosts/qavah.us/admin.qavah.us/vendor/laravel/framework/src/Illuminate/Pipeline/Pipeline.php(167): Fideloper\\Proxy\\TrustProxies->handle()
#43 /var/www/vhosts/qavah.us/admin.qavah.us/vendor/laravel/framework/src/Illuminate/Pipeline/Pipeline.php(103): Illuminate\\Pipeline\\Pipeline->Illuminate\\Pipeline\\{closure}()
#44 /var/www/vhosts/qavah.us/admin.qavah.us/vendor/laravel/framework/src/Illuminate/Foundation/Http/Kernel.php(140): Illuminate\\Pipeline\\Pipeline->then()
#45 /var/www/vhosts/qavah.us/admin.qavah.us/vendor/laravel/framework/src/Illuminate/Foundation/Http/Kernel.php(109): Illuminate\\Foundation\\Http\\Kernel->sendRequestThroughRouter()
#46 /var/www/vhosts/qavah.us/admin.qavah.us/public/index.php(55): Illuminate\\Foundation\\Http\\Kernel->handle()
#47 {main}

[previous exception] [object] (PDOException(code: 1698): SQLSTATE[HY000] [1698] Access denied for user 'root'@'localhost' at /var/www/vhosts/qavah.us/admin.qavah.us/vendor/laravel/framework/src/Illuminate/Database/Connectors/Connector.php:70)
[stacktrace]
#0 /var/www/vhosts/qavah.us/admin.qavah.us/vendor/laravel/framework/src/Illuminate/Database/Connectors/Connector.php(70): PDO->__construct()
#1 /var/www/vhosts/qavah.us/admin.qavah.us/vendor/laravel/framework/src/Illuminate/Database/Connectors/Connector.php(46): Illuminate\\Database\\Connectors\\Connector->createPdoConnection()
#2 /var/www/vhosts/qavah.us/admin.qavah.us/vendor/laravel/framework/src/Illuminate/Database/Connectors/MySqlConnector.php(24): Illuminate\\Database\\Connectors\\Connector->createConnection()
#3 /var/www/vhosts/qavah.us/admin.qavah.us/vendor/laravel/framework/src/Illuminate/Database/Connectors/ConnectionFactory.php(184): Illuminate\\Database\\Connectors\\MySqlConnector->connect()
#4 [internal function]: Illuminate\\Database\\Connectors\\ConnectionFactory->Illuminate\\Database\\Connectors\\{closure}()
#5 /var/www/vhosts/qavah.us/admin.qavah.us/vendor/laravel/framework/src/Illuminate/Database/Connection.php(926): call_user_func()
#6 /var/www/vhosts/qavah.us/admin.qavah.us/vendor/laravel/framework/src/Illuminate/Database/Connection.php(961): Illuminate\\Database\\Connection->getPdo()
#7 /var/www/vhosts/qavah.us/admin.qavah.us/vendor/laravel/framework/src/Illuminate/Database/Connection.php(405): Illuminate\\Database\\Connection->getReadPdo()
#8 /var/www/vhosts/qavah.us/admin.qavah.us/vendor/laravel/framework/src/Illuminate/Database/Connection.php(331): Illuminate\\Database\\Connection->getPdoForSelect()
#9 /var/www/vhosts/qavah.us/admin.qavah.us/vendor/laravel/framework/src/Illuminate/Database/Connection.php(664): Illuminate\\Database\\Connection->Illuminate\\Database\\{closure}()
#10 /var/www/vhosts/qavah.us/admin.qavah.us/vendor/laravel/framework/src/Illuminate/Database/Connection.php(631): Illuminate\\Database\\Connection->runQueryCallback()
#11 /var/www/vhosts/qavah.us/admin.qavah.us/vendor/laravel/framework/src/Illuminate/Database/Connection.php(339): Illuminate\\Database\\Connection->run()
#12 /var/www/vhosts/qavah.us/admin.qavah.us/vendor/laravel/framework/src/Illuminate/Database/Query/Builder.php(2270): Illuminate\\Database\\Connection->select()
#13 /var/www/vhosts/qavah.us/admin.qavah.us/vendor/laravel/framework/src/Illuminate/Database/Query/Builder.php(2258): Illuminate\\Database\\Query\\Builder->runSelect()
#14 /var/www/vhosts/qavah.us/admin.qavah.us/vendor/laravel/framework/src/Illuminate/Database/Query/Builder.php(2753): Illuminate\\Database\\Query\\Builder->Illuminate\\Database\\Query\\{closure}()
#15 /var/www/vhosts/qavah.us/admin.qavah.us/vendor/laravel/framework/src/Illuminate/Database/Query/Builder.php(2259): Illuminate\\Database\\Query\\Builder->onceWithColumns()
#16 /var/www/vhosts/qavah.us/admin.qavah.us/vendor/laravel/framework/src/Illuminate/Database/Eloquent/Builder.php(548): Illuminate\\Database\\Query\\Builder->get()
#17 /var/www/vhosts/qavah.us/admin.qavah.us/vendor/laravel/framework/src/Illuminate/Database/Eloquent/Builder.php(532): Illuminate\\Database\\Eloquent\\Builder->getModels()
#18 /var/www/vhosts/qavah.us/admin.qavah.us/vendor/laravel/framework/src/Illuminate/Database/Concerns/BuildsQueries.php(143): Illuminate\\Database\\Eloquent\\Builder->get()
#19 /var/www/vhosts/qavah.us/admin.qavah.us/vendor/laravel/passport/src/TokenRepository.php(28): Illuminate\\Database\\Eloquent\\Builder->first()
#20 /var/www/vhosts/qavah.us/admin.qavah.us/vendor/laravel/passport/src/TokenRepository.php(100): Laravel\\Passport\\TokenRepository->find()
#21 /var/www/vhosts/qavah.us/admin.qavah.us/vendor/laravel/passport/src/Bridge/AccessTokenRepository.php(88): Laravel\\Passport\\TokenRepository->isAccessTokenRevoked()
#22 /var/www/vhosts/qavah.us/admin.qavah.us/vendor/league/oauth2-server/src/AuthorizationValidators/BearerTokenValidator.php(117): Laravel\\Passport\\Bridge\\AccessTokenRepository->isAccessTokenRevoked()
#23 /var/www/vhosts/qavah.us/admin.qavah.us/vendor/league/oauth2-server/src/ResourceServer.php(84): League\\OAuth2\\Server\\AuthorizationValidators\\BearerTokenValidator->validateAuthorization()
#24 /var/www/vhosts/qavah.us/admin.qavah.us/vendor/laravel/passport/src/Guards/TokenGuard.php(207): League\\OAuth2\\Server\\ResourceServer->validateAuthenticatedRequest()
#25 /var/www/vhosts/qavah.us/admin.qavah.us/vendor/laravel/passport/src/Guards/TokenGuard.php(150): Laravel\\Passport\\Guards\\TokenGuard->getPsrRequestViaBearerToken()
#26 /var/www/vhosts/qavah.us/admin.qavah.us/vendor/laravel/passport/src/Guards/TokenGuard.php(113): Laravel\\Passport\\Guards\\TokenGuard->authenticateViaBearerToken()
#27 /var/www/vhosts/qavah.us/admin.qavah.us/vendor/laravel/passport/src/PassportServiceProvider.php(301): Laravel\\Passport\\Guards\\TokenGuard->user()
#28 [internal function]: Laravel\\Passport\\PassportServiceProvider->Laravel\\Passport\\{closure}()
#29 /var/www/vhosts/qavah.us/admin.qavah.us/vendor/laravel/framework/src/Illuminate/Auth/RequestGuard.php(58): call_user_func()
#30 /var/www/vhosts/qavah.us/admin.qavah.us/vendor/laravel/framework/src/Illuminate/Auth/GuardHelpers.php(60): Illuminate\\Auth\\RequestGuard->user()
#31 /var/www/vhosts/qavah.us/admin.qavah.us/vendor/laravel/framework/src/Illuminate/Auth/Middleware/Authenticate.php(63): Illuminate\\Auth\\RequestGuard->check()
#32 /var/www/vhosts/qavah.us/admin.qavah.us/vendor/laravel/framework/src/Illuminate/Auth/Middleware/Authenticate.php(42): Illuminate\\Auth\\Middleware\\Authenticate->authenticate()
#33 /var/www/vhosts/qavah.us/admin.qavah.us/vendor/laravel/framework/src/Illuminate/Pipeline/Pipeline.php(167): Illuminate\\Auth\\Middleware\\Authenticate->handle()
#34 /var/www/vhosts/qavah.us/admin.qavah.us/vendor/laravel/framework/src/Illuminate/Pipeline/Pipeline.php(103): Illuminate\\Pipeline\\Pipeline->Illuminate\\Pipeline\\{closure}()
#35 /var/www/vhosts/qavah.us/admin.qavah.us/vendor/laravel/framework/src/Illuminate/Routing/Router.php(687): Illuminate\\Pipeline\\Pipeline->then()
#36 /var/www/vhosts/qavah.us/admin.qavah.us/vendor/laravel/framework/src/Illuminate/Routing/Router.php(662): Illuminate\\Routing\\Router->runRouteWithinStack()
#37 /var/www/vhosts/qavah.us/admin.qavah.us/vendor/laravel/framework/src/Illuminate/Routing/Router.php(628): Illuminate\\Routing\\Router->runRoute()
#38 /var/www/vhosts/qavah.us/admin.qavah.us/vendor/laravel/framework/src/Illuminate/Routing/Router.php(617): Illuminate\\Routing\\Router->dispatchToRoute()
#39 /var/www/vhosts/qavah.us/admin.qavah.us/vendor/laravel/framework/src/Illuminate/Foundation/Http/Kernel.php(165): Illuminate\\Routing\\Router->dispatch()
#40 /var/www/vhosts/qavah.us/admin.qavah.us/vendor/laravel/framework/src/Illuminate/Pipeline/Pipeline.php(128): Illuminate\\Foundation\\Http\\Kernel->Illuminate\\Foundation\\Http\\{closure}()
#41 /var/www/vhosts/qavah.us/admin.qavah.us/vendor/laravel/framework/src/Illuminate/Foundation/Http/Middleware/TransformsRequest.php(21): Illuminate\\Pipeline\\Pipeline->Illuminate\\Pipeline\\{closure}()
#42 /var/www/vhosts/qavah.us/admin.qavah.us/vendor/laravel/framework/src/Illuminate/Pipeline/Pipeline.php(167): Illuminate\\Foundation\\Http\\Middleware\\TransformsRequest->handle()
#43 /var/www/vhosts/qavah.us/admin.qavah.us/vendor/laravel/framework/src/Illuminate/Foundation/Http/Middleware/TransformsRequest.php(21): Illuminate\\Pipeline\\Pipeline->Illuminate\\Pipeline\\{closure}()
#44 /var/www/vhosts/qavah.us/admin.qavah.us/vendor/laravel/framework/src/Illuminate/Pipeline/Pipeline.php(167): Illuminate\\Foundation\\Http\\Middleware\\TransformsRequest->handle()
#45 /var/www/vhosts/qavah.us/admin.qavah.us/vendor/laravel/framework/src/Illuminate/Foundation/Http/Middleware/ValidatePostSize.php(27): Illuminate\\Pipeline\\Pipeline->Illuminate\\Pipeline\\{closure}()
#46 /var/www/vhosts/qavah.us/admin.qavah.us/vendor/laravel/framework/src/Illuminate/Pipeline/Pipeline.php(167): Illuminate\\Foundation\\Http\\Middleware\\ValidatePostSize->handle()
#47 /var/www/vhosts/qavah.us/admin.qavah.us/vendor/laravel/framework/src/Illuminate/Foundation/Http/Middleware/CheckForMaintenanceMode.php(63): Illuminate\\Pipeline\\Pipeline->Illuminate\\Pipeline\\{closure}()
#48 /var/www/vhosts/qavah.us/admin.qavah.us/vendor/laravel/framework/src/Illuminate/Pipeline/Pipeline.php(167): Illuminate\\Foundation\\Http\\Middleware\\CheckForMaintenanceMode->handle()
#49 /var/www/vhosts/qavah.us/admin.qavah.us/vendor/fruitcake/laravel-cors/src/HandleCors.php(52): Illuminate\\Pipeline\\Pipeline->Illuminate\\Pipeline\\{closure}()
#50 /var/www/vhosts/qavah.us/admin.qavah.us/vendor/laravel/framework/src/Illuminate/Pipeline/Pipeline.php(167): Fruitcake\\Cors\\HandleCors->handle()
#51 /var/www/vhosts/qavah.us/admin.qavah.us/vendor/fideloper/proxy/src/TrustProxies.php(57): Illuminate\\Pipeline\\Pipeline->Illuminate\\Pipeline\\{closure}()
#52 /var/www/vhosts/qavah.us/admin.qavah.us/vendor/laravel/framework/src/Illuminate/Pipeline/Pipeline.php(167): Fideloper\\Proxy\\TrustProxies->handle()
#53 /var/www/vhosts/qavah.us/admin.qavah.us/vendor/laravel/framework/src/Illuminate/Pipeline/Pipeline.php(103): Illuminate\\Pipeline\\Pipeline->Illuminate\\Pipeline\\{closure}()
#54 /var/www/vhosts/qavah.us/admin.qavah.us/vendor/laravel/framework/src/Illuminate/Foundation/Http/Kernel.php(140): Illuminate\\Pipeline\\Pipeline->then()
#55 /var/www/vhosts/qavah.us/admin.qavah.us/vendor/laravel/framework/src/Illuminate/Foundation/Http/Kernel.php(109): Illuminate\\Foundation\\Http\\Kernel->sendRequestThroughRouter()
#56 /var/www/vhosts/qavah.us/admin.qavah.us/public/index.php(55): Illuminate\\Foundation\\Http\\Kernel->handle()
#57 {main}
"} 
