[2023-06-19 19:28:48] local.ERROR: SQLSTATE[HY000] [1698] Access denied for user 'root'@'localhost' (SQL: select `id`, `section_name`, `logo` from `sections` where (`section_name` = logo and `page_id` = 1) limit 1) {"exception":"[object] (Illuminate\\Database\\QueryException(code: 1698): SQLSTATE[HY000] [1698] Access denied for user 'root'@'localhost' (SQL: select `id`, `section_name`, `logo` from `sections` where (`section_name` = logo and `page_id` = 1) limit 1) at /var/www/vhosts/ad-wize.com/qavah.ad-wize.com/vendor/laravel/framework/src/Illuminate/Database/Connection.php:671)
[stacktrace]
#0 /var/www/vhosts/ad-wize.com/qavah.ad-wize.com/vendor/laravel/framework/src/Illuminate/Database/Connection.php(631): Illuminate\\Database\\Connection->runQueryCallback()
#1 /var/www/vhosts/ad-wize.com/qavah.ad-wize.com/vendor/laravel/framework/src/Illuminate/Database/Connection.php(339): Illuminate\\Database\\Connection->run()
#2 /var/www/vhosts/ad-wize.com/qavah.ad-wize.com/vendor/laravel/framework/src/Illuminate/Database/Query/Builder.php(2270): Illuminate\\Database\\Connection->select()
#3 /var/www/vhosts/ad-wize.com/qavah.ad-wize.com/vendor/laravel/framework/src/Illuminate/Database/Query/Builder.php(2258): Illuminate\\Database\\Query\\Builder->runSelect()
#4 /var/www/vhosts/ad-wize.com/qavah.ad-wize.com/vendor/laravel/framework/src/Illuminate/Database/Query/Builder.php(2753): Illuminate\\Database\\Query\\Builder->Illuminate\\Database\\Query\\{closure}()
#5 /var/www/vhosts/ad-wize.com/qavah.ad-wize.com/vendor/laravel/framework/src/Illuminate/Database/Query/Builder.php(2259): Illuminate\\Database\\Query\\Builder->onceWithColumns()
#6 /var/www/vhosts/ad-wize.com/qavah.ad-wize.com/vendor/laravel/framework/src/Illuminate/Database/Eloquent/Builder.php(548): Illuminate\\Database\\Query\\Builder->get()
#7 /var/www/vhosts/ad-wize.com/qavah.ad-wize.com/vendor/laravel/framework/src/Illuminate/Database/Eloquent/Builder.php(532): Illuminate\\Database\\Eloquent\\Builder->getModels()
#8 /var/www/vhosts/ad-wize.com/qavah.ad-wize.com/vendor/laravel/framework/src/Illuminate/Database/Concerns/BuildsQueries.php(143): Illuminate\\Database\\Eloquent\\Builder->get()
#9 /var/www/vhosts/ad-wize.com/qavah.ad-wize.com/app/Providers/AppServiceProvider.php(54): Illuminate\\Database\\Eloquent\\Builder->first()
#10 /var/www/vhosts/ad-wize.com/qavah.ad-wize.com/vendor/laravel/framework/src/Illuminate/Container/BoundMethod.php(36): App\\Providers\\AppServiceProvider->boot()
#11 /var/www/vhosts/ad-wize.com/qavah.ad-wize.com/vendor/laravel/framework/src/Illuminate/Container/Util.php(37): Illuminate\\Container\\BoundMethod::Illuminate\\Container\\{closure}()
#12 /var/www/vhosts/ad-wize.com/qavah.ad-wize.com/vendor/laravel/framework/src/Illuminate/Container/BoundMethod.php(93): Illuminate\\Container\\Util::unwrapIfClosure()
#13 /var/www/vhosts/ad-wize.com/qavah.ad-wize.com/vendor/laravel/framework/src/Illuminate/Container/BoundMethod.php(37): Illuminate\\Container\\BoundMethod::callBoundMethod()
#14 /var/www/vhosts/ad-wize.com/qavah.ad-wize.com/vendor/laravel/framework/src/Illuminate/Container/Container.php(596): Illuminate\\Container\\BoundMethod::call()
#15 /var/www/vhosts/ad-wize.com/qavah.ad-wize.com/vendor/laravel/framework/src/Illuminate/Foundation/Application.php(867): Illuminate\\Container\\Container->call()
#16 /var/www/vhosts/ad-wize.com/qavah.ad-wize.com/vendor/laravel/framework/src/Illuminate/Foundation/Application.php(850): Illuminate\\Foundation\\Application->bootProvider()
#17 [internal function]: Illuminate\\Foundation\\Application->Illuminate\\Foundation\\{closure}()
#18 /var/www/vhosts/ad-wize.com/qavah.ad-wize.com/vendor/laravel/framework/src/Illuminate/Foundation/Application.php(851): array_walk()
#19 /var/www/vhosts/ad-wize.com/qavah.ad-wize.com/vendor/laravel/framework/src/Illuminate/Foundation/Bootstrap/BootProviders.php(17): Illuminate\\Foundation\\Application->boot()
#20 /var/www/vhosts/ad-wize.com/qavah.ad-wize.com/vendor/laravel/framework/src/Illuminate/Foundation/Application.php(230): Illuminate\\Foundation\\Bootstrap\\BootProviders->bootstrap()
#21 /var/www/vhosts/ad-wize.com/qavah.ad-wize.com/vendor/laravel/framework/src/Illuminate/Foundation/Http/Kernel.php(151): Illuminate\\Foundation\\Application->bootstrapWith()
#22 /var/www/vhosts/ad-wize.com/qavah.ad-wize.com/vendor/laravel/framework/src/Illuminate/Foundation/Http/Kernel.php(135): Illuminate\\Foundation\\Http\\Kernel->bootstrap()
#23 /var/www/vhosts/ad-wize.com/qavah.ad-wize.com/vendor/laravel/framework/src/Illuminate/Foundation/Http/Kernel.php(109): Illuminate\\Foundation\\Http\\Kernel->sendRequestThroughRouter()
#24 /var/www/vhosts/ad-wize.com/qavah.ad-wize.com/public/index.php(55): Illuminate\\Foundation\\Http\\Kernel->handle()
#25 {main}

[previous exception] [object] (PDOException(code: 1698): SQLSTATE[HY000] [1698] Access denied for user 'root'@'localhost' at /var/www/vhosts/ad-wize.com/qavah.ad-wize.com/vendor/laravel/framework/src/Illuminate/Database/Connectors/Connector.php:70)
[stacktrace]
#0 /var/www/vhosts/ad-wize.com/qavah.ad-wize.com/vendor/laravel/framework/src/Illuminate/Database/Connectors/Connector.php(70): PDO->__construct()
#1 /var/www/vhosts/ad-wize.com/qavah.ad-wize.com/vendor/laravel/framework/src/Illuminate/Database/Connectors/Connector.php(46): Illuminate\\Database\\Connectors\\Connector->createPdoConnection()
#2 /var/www/vhosts/ad-wize.com/qavah.ad-wize.com/vendor/laravel/framework/src/Illuminate/Database/Connectors/MySqlConnector.php(24): Illuminate\\Database\\Connectors\\Connector->createConnection()
#3 /var/www/vhosts/ad-wize.com/qavah.ad-wize.com/vendor/laravel/framework/src/Illuminate/Database/Connectors/ConnectionFactory.php(184): Illuminate\\Database\\Connectors\\MySqlConnector->connect()
#4 [internal function]: Illuminate\\Database\\Connectors\\ConnectionFactory->Illuminate\\Database\\Connectors\\{closure}()
#5 /var/www/vhosts/ad-wize.com/qavah.ad-wize.com/vendor/laravel/framework/src/Illuminate/Database/Connection.php(926): call_user_func()
#6 /var/www/vhosts/ad-wize.com/qavah.ad-wize.com/vendor/laravel/framework/src/Illuminate/Database/Connection.php(961): Illuminate\\Database\\Connection->getPdo()
#7 /var/www/vhosts/ad-wize.com/qavah.ad-wize.com/vendor/laravel/framework/src/Illuminate/Database/Connection.php(405): Illuminate\\Database\\Connection->getReadPdo()
#8 /var/www/vhosts/ad-wize.com/qavah.ad-wize.com/vendor/laravel/framework/src/Illuminate/Database/Connection.php(331): Illuminate\\Database\\Connection->getPdoForSelect()
#9 /var/www/vhosts/ad-wize.com/qavah.ad-wize.com/vendor/laravel/framework/src/Illuminate/Database/Connection.php(664): Illuminate\\Database\\Connection->Illuminate\\Database\\{closure}()
#10 /var/www/vhosts/ad-wize.com/qavah.ad-wize.com/vendor/laravel/framework/src/Illuminate/Database/Connection.php(631): Illuminate\\Database\\Connection->runQueryCallback()
#11 /var/www/vhosts/ad-wize.com/qavah.ad-wize.com/vendor/laravel/framework/src/Illuminate/Database/Connection.php(339): Illuminate\\Database\\Connection->run()
#12 /var/www/vhosts/ad-wize.com/qavah.ad-wize.com/vendor/laravel/framework/src/Illuminate/Database/Query/Builder.php(2270): Illuminate\\Database\\Connection->select()
#13 /var/www/vhosts/ad-wize.com/qavah.ad-wize.com/vendor/laravel/framework/src/Illuminate/Database/Query/Builder.php(2258): Illuminate\\Database\\Query\\Builder->runSelect()
#14 /var/www/vhosts/ad-wize.com/qavah.ad-wize.com/vendor/laravel/framework/src/Illuminate/Database/Query/Builder.php(2753): Illuminate\\Database\\Query\\Builder->Illuminate\\Database\\Query\\{closure}()
#15 /var/www/vhosts/ad-wize.com/qavah.ad-wize.com/vendor/laravel/framework/src/Illuminate/Database/Query/Builder.php(2259): Illuminate\\Database\\Query\\Builder->onceWithColumns()
#16 /var/www/vhosts/ad-wize.com/qavah.ad-wize.com/vendor/laravel/framework/src/Illuminate/Database/Eloquent/Builder.php(548): Illuminate\\Database\\Query\\Builder->get()
#17 /var/www/vhosts/ad-wize.com/qavah.ad-wize.com/vendor/laravel/framework/src/Illuminate/Database/Eloquent/Builder.php(532): Illuminate\\Database\\Eloquent\\Builder->getModels()
#18 /var/www/vhosts/ad-wize.com/qavah.ad-wize.com/vendor/laravel/framework/src/Illuminate/Database/Concerns/BuildsQueries.php(143): Illuminate\\Database\\Eloquent\\Builder->get()
#19 /var/www/vhosts/ad-wize.com/qavah.ad-wize.com/app/Providers/AppServiceProvider.php(54): Illuminate\\Database\\Eloquent\\Builder->first()
#20 /var/www/vhosts/ad-wize.com/qavah.ad-wize.com/vendor/laravel/framework/src/Illuminate/Container/BoundMethod.php(36): App\\Providers\\AppServiceProvider->boot()
#21 /var/www/vhosts/ad-wize.com/qavah.ad-wize.com/vendor/laravel/framework/src/Illuminate/Container/Util.php(37): Illuminate\\Container\\BoundMethod::Illuminate\\Container\\{closure}()
#22 /var/www/vhosts/ad-wize.com/qavah.ad-wize.com/vendor/laravel/framework/src/Illuminate/Container/BoundMethod.php(93): Illuminate\\Container\\Util::unwrapIfClosure()
#23 /var/www/vhosts/ad-wize.com/qavah.ad-wize.com/vendor/laravel/framework/src/Illuminate/Container/BoundMethod.php(37): Illuminate\\Container\\BoundMethod::callBoundMethod()
#24 /var/www/vhosts/ad-wize.com/qavah.ad-wize.com/vendor/laravel/framework/src/Illuminate/Container/Container.php(596): Illuminate\\Container\\BoundMethod::call()
#25 /var/www/vhosts/ad-wize.com/qavah.ad-wize.com/vendor/laravel/framework/src/Illuminate/Foundation/Application.php(867): Illuminate\\Container\\Container->call()
#26 /var/www/vhosts/ad-wize.com/qavah.ad-wize.com/vendor/laravel/framework/src/Illuminate/Foundation/Application.php(850): Illuminate\\Foundation\\Application->bootProvider()
#27 [internal function]: Illuminate\\Foundation\\Application->Illuminate\\Foundation\\{closure}()
#28 /var/www/vhosts/ad-wize.com/qavah.ad-wize.com/vendor/laravel/framework/src/Illuminate/Foundation/Application.php(851): array_walk()
#29 /var/www/vhosts/ad-wize.com/qavah.ad-wize.com/vendor/laravel/framework/src/Illuminate/Foundation/Bootstrap/BootProviders.php(17): Illuminate\\Foundation\\Application->boot()
#30 /var/www/vhosts/ad-wize.com/qavah.ad-wize.com/vendor/laravel/framework/src/Illuminate/Foundation/Application.php(230): Illuminate\\Foundation\\Bootstrap\\BootProviders->bootstrap()
#31 /var/www/vhosts/ad-wize.com/qavah.ad-wize.com/vendor/laravel/framework/src/Illuminate/Foundation/Http/Kernel.php(151): Illuminate\\Foundation\\Application->bootstrapWith()
#32 /var/www/vhosts/ad-wize.com/qavah.ad-wize.com/vendor/laravel/framework/src/Illuminate/Foundation/Http/Kernel.php(135): Illuminate\\Foundation\\Http\\Kernel->bootstrap()
#33 /var/www/vhosts/ad-wize.com/qavah.ad-wize.com/vendor/laravel/framework/src/Illuminate/Foundation/Http/Kernel.php(109): Illuminate\\Foundation\\Http\\Kernel->sendRequestThroughRouter()
#34 /var/www/vhosts/ad-wize.com/qavah.ad-wize.com/public/index.php(55): Illuminate\\Foundation\\Http\\Kernel->handle()
#35 {main}
"} 
[2023-06-19 19:29:03] local.ERROR: SQLSTATE[HY000] [1698] Access denied for user 'root'@'localhost' (SQL: select `id`, `section_name`, `logo` from `sections` where (`section_name` = logo and `page_id` = 1) limit 1) {"exception":"[object] (Illuminate\\Database\\QueryException(code: 1698): SQLSTATE[HY000] [1698] Access denied for user 'root'@'localhost' (SQL: select `id`, `section_name`, `logo` from `sections` where (`section_name` = logo and `page_id` = 1) limit 1) at /var/www/vhosts/ad-wize.com/qavah.ad-wize.com/vendor/laravel/framework/src/Illuminate/Database/Connection.php:671)
[stacktrace]
#0 /var/www/vhosts/ad-wize.com/qavah.ad-wize.com/vendor/laravel/framework/src/Illuminate/Database/Connection.php(631): Illuminate\\Database\\Connection->runQueryCallback()
#1 /var/www/vhosts/ad-wize.com/qavah.ad-wize.com/vendor/laravel/framework/src/Illuminate/Database/Connection.php(339): Illuminate\\Database\\Connection->run()
#2 /var/www/vhosts/ad-wize.com/qavah.ad-wize.com/vendor/laravel/framework/src/Illuminate/Database/Query/Builder.php(2270): Illuminate\\Database\\Connection->select()
#3 /var/www/vhosts/ad-wize.com/qavah.ad-wize.com/vendor/laravel/framework/src/Illuminate/Database/Query/Builder.php(2258): Illuminate\\Database\\Query\\Builder->runSelect()
#4 /var/www/vhosts/ad-wize.com/qavah.ad-wize.com/vendor/laravel/framework/src/Illuminate/Database/Query/Builder.php(2753): Illuminate\\Database\\Query\\Builder->Illuminate\\Database\\Query\\{closure}()
#5 /var/www/vhosts/ad-wize.com/qavah.ad-wize.com/vendor/laravel/framework/src/Illuminate/Database/Query/Builder.php(2259): Illuminate\\Database\\Query\\Builder->onceWithColumns()
#6 /var/www/vhosts/ad-wize.com/qavah.ad-wize.com/vendor/laravel/framework/src/Illuminate/Database/Eloquent/Builder.php(548): Illuminate\\Database\\Query\\Builder->get()
#7 /var/www/vhosts/ad-wize.com/qavah.ad-wize.com/vendor/laravel/framework/src/Illuminate/Database/Eloquent/Builder.php(532): Illuminate\\Database\\Eloquent\\Builder->getModels()
#8 /var/www/vhosts/ad-wize.com/qavah.ad-wize.com/vendor/laravel/framework/src/Illuminate/Database/Concerns/BuildsQueries.php(143): Illuminate\\Database\\Eloquent\\Builder->get()
#9 /var/www/vhosts/ad-wize.com/qavah.ad-wize.com/app/Providers/AppServiceProvider.php(54): Illuminate\\Database\\Eloquent\\Builder->first()
#10 /var/www/vhosts/ad-wize.com/qavah.ad-wize.com/vendor/laravel/framework/src/Illuminate/Container/BoundMethod.php(36): App\\Providers\\AppServiceProvider->boot()
#11 /var/www/vhosts/ad-wize.com/qavah.ad-wize.com/vendor/laravel/framework/src/Illuminate/Container/Util.php(37): Illuminate\\Container\\BoundMethod::Illuminate\\Container\\{closure}()
#12 /var/www/vhosts/ad-wize.com/qavah.ad-wize.com/vendor/laravel/framework/src/Illuminate/Container/BoundMethod.php(93): Illuminate\\Container\\Util::unwrapIfClosure()
#13 /var/www/vhosts/ad-wize.com/qavah.ad-wize.com/vendor/laravel/framework/src/Illuminate/Container/BoundMethod.php(37): Illuminate\\Container\\BoundMethod::callBoundMethod()
#14 /var/www/vhosts/ad-wize.com/qavah.ad-wize.com/vendor/laravel/framework/src/Illuminate/Container/Container.php(596): Illuminate\\Container\\BoundMethod::call()
#15 /var/www/vhosts/ad-wize.com/qavah.ad-wize.com/vendor/laravel/framework/src/Illuminate/Foundation/Application.php(867): Illuminate\\Container\\Container->call()
#16 /var/www/vhosts/ad-wize.com/qavah.ad-wize.com/vendor/laravel/framework/src/Illuminate/Foundation/Application.php(850): Illuminate\\Foundation\\Application->bootProvider()
#17 [internal function]: Illuminate\\Foundation\\Application->Illuminate\\Foundation\\{closure}()
#18 /var/www/vhosts/ad-wize.com/qavah.ad-wize.com/vendor/laravel/framework/src/Illuminate/Foundation/Application.php(851): array_walk()
#19 /var/www/vhosts/ad-wize.com/qavah.ad-wize.com/vendor/laravel/framework/src/Illuminate/Foundation/Bootstrap/BootProviders.php(17): Illuminate\\Foundation\\Application->boot()
#20 /var/www/vhosts/ad-wize.com/qavah.ad-wize.com/vendor/laravel/framework/src/Illuminate/Foundation/Application.php(230): Illuminate\\Foundation\\Bootstrap\\BootProviders->bootstrap()
#21 /var/www/vhosts/ad-wize.com/qavah.ad-wize.com/vendor/laravel/framework/src/Illuminate/Foundation/Http/Kernel.php(151): Illuminate\\Foundation\\Application->bootstrapWith()
#22 /var/www/vhosts/ad-wize.com/qavah.ad-wize.com/vendor/laravel/framework/src/Illuminate/Foundation/Http/Kernel.php(135): Illuminate\\Foundation\\Http\\Kernel->bootstrap()
#23 /var/www/vhosts/ad-wize.com/qavah.ad-wize.com/vendor/laravel/framework/src/Illuminate/Foundation/Http/Kernel.php(109): Illuminate\\Foundation\\Http\\Kernel->sendRequestThroughRouter()
#24 /var/www/vhosts/ad-wize.com/qavah.ad-wize.com/public/index.php(55): Illuminate\\Foundation\\Http\\Kernel->handle()
#25 {main}

[previous exception] [object] (PDOException(code: 1698): SQLSTATE[HY000] [1698] Access denied for user 'root'@'localhost' at /var/www/vhosts/ad-wize.com/qavah.ad-wize.com/vendor/laravel/framework/src/Illuminate/Database/Connectors/Connector.php:70)
[stacktrace]
#0 /var/www/vhosts/ad-wize.com/qavah.ad-wize.com/vendor/laravel/framework/src/Illuminate/Database/Connectors/Connector.php(70): PDO->__construct()
#1 /var/www/vhosts/ad-wize.com/qavah.ad-wize.com/vendor/laravel/framework/src/Illuminate/Database/Connectors/Connector.php(46): Illuminate\\Database\\Connectors\\Connector->createPdoConnection()
#2 /var/www/vhosts/ad-wize.com/qavah.ad-wize.com/vendor/laravel/framework/src/Illuminate/Database/Connectors/MySqlConnector.php(24): Illuminate\\Database\\Connectors\\Connector->createConnection()
#3 /var/www/vhosts/ad-wize.com/qavah.ad-wize.com/vendor/laravel/framework/src/Illuminate/Database/Connectors/ConnectionFactory.php(184): Illuminate\\Database\\Connectors\\MySqlConnector->connect()
#4 [internal function]: Illuminate\\Database\\Connectors\\ConnectionFactory->Illuminate\\Database\\Connectors\\{closure}()
#5 /var/www/vhosts/ad-wize.com/qavah.ad-wize.com/vendor/laravel/framework/src/Illuminate/Database/Connection.php(926): call_user_func()
#6 /var/www/vhosts/ad-wize.com/qavah.ad-wize.com/vendor/laravel/framework/src/Illuminate/Database/Connection.php(961): Illuminate\\Database\\Connection->getPdo()
#7 /var/www/vhosts/ad-wize.com/qavah.ad-wize.com/vendor/laravel/framework/src/Illuminate/Database/Connection.php(405): Illuminate\\Database\\Connection->getReadPdo()
#8 /var/www/vhosts/ad-wize.com/qavah.ad-wize.com/vendor/laravel/framework/src/Illuminate/Database/Connection.php(331): Illuminate\\Database\\Connection->getPdoForSelect()
#9 /var/www/vhosts/ad-wize.com/qavah.ad-wize.com/vendor/laravel/framework/src/Illuminate/Database/Connection.php(664): Illuminate\\Database\\Connection->Illuminate\\Database\\{closure}()
#10 /var/www/vhosts/ad-wize.com/qavah.ad-wize.com/vendor/laravel/framework/src/Illuminate/Database/Connection.php(631): Illuminate\\Database\\Connection->runQueryCallback()
#11 /var/www/vhosts/ad-wize.com/qavah.ad-wize.com/vendor/laravel/framework/src/Illuminate/Database/Connection.php(339): Illuminate\\Database\\Connection->run()
#12 /var/www/vhosts/ad-wize.com/qavah.ad-wize.com/vendor/laravel/framework/src/Illuminate/Database/Query/Builder.php(2270): Illuminate\\Database\\Connection->select()
#13 /var/www/vhosts/ad-wize.com/qavah.ad-wize.com/vendor/laravel/framework/src/Illuminate/Database/Query/Builder.php(2258): Illuminate\\Database\\Query\\Builder->runSelect()
#14 /var/www/vhosts/ad-wize.com/qavah.ad-wize.com/vendor/laravel/framework/src/Illuminate/Database/Query/Builder.php(2753): Illuminate\\Database\\Query\\Builder->Illuminate\\Database\\Query\\{closure}()
#15 /var/www/vhosts/ad-wize.com/qavah.ad-wize.com/vendor/laravel/framework/src/Illuminate/Database/Query/Builder.php(2259): Illuminate\\Database\\Query\\Builder->onceWithColumns()
#16 /var/www/vhosts/ad-wize.com/qavah.ad-wize.com/vendor/laravel/framework/src/Illuminate/Database/Eloquent/Builder.php(548): Illuminate\\Database\\Query\\Builder->get()
#17 /var/www/vhosts/ad-wize.com/qavah.ad-wize.com/vendor/laravel/framework/src/Illuminate/Database/Eloquent/Builder.php(532): Illuminate\\Database\\Eloquent\\Builder->getModels()
#18 /var/www/vhosts/ad-wize.com/qavah.ad-wize.com/vendor/laravel/framework/src/Illuminate/Database/Concerns/BuildsQueries.php(143): Illuminate\\Database\\Eloquent\\Builder->get()
#19 /var/www/vhosts/ad-wize.com/qavah.ad-wize.com/app/Providers/AppServiceProvider.php(54): Illuminate\\Database\\Eloquent\\Builder->first()
#20 /var/www/vhosts/ad-wize.com/qavah.ad-wize.com/vendor/laravel/framework/src/Illuminate/Container/BoundMethod.php(36): App\\Providers\\AppServiceProvider->boot()
#21 /var/www/vhosts/ad-wize.com/qavah.ad-wize.com/vendor/laravel/framework/src/Illuminate/Container/Util.php(37): Illuminate\\Container\\BoundMethod::Illuminate\\Container\\{closure}()
#22 /var/www/vhosts/ad-wize.com/qavah.ad-wize.com/vendor/laravel/framework/src/Illuminate/Container/BoundMethod.php(93): Illuminate\\Container\\Util::unwrapIfClosure()
#23 /var/www/vhosts/ad-wize.com/qavah.ad-wize.com/vendor/laravel/framework/src/Illuminate/Container/BoundMethod.php(37): Illuminate\\Container\\BoundMethod::callBoundMethod()
#24 /var/www/vhosts/ad-wize.com/qavah.ad-wize.com/vendor/laravel/framework/src/Illuminate/Container/Container.php(596): Illuminate\\Container\\BoundMethod::call()
#25 /var/www/vhosts/ad-wize.com/qavah.ad-wize.com/vendor/laravel/framework/src/Illuminate/Foundation/Application.php(867): Illuminate\\Container\\Container->call()
#26 /var/www/vhosts/ad-wize.com/qavah.ad-wize.com/vendor/laravel/framework/src/Illuminate/Foundation/Application.php(850): Illuminate\\Foundation\\Application->bootProvider()
#27 [internal function]: Illuminate\\Foundation\\Application->Illuminate\\Foundation\\{closure}()
#28 /var/www/vhosts/ad-wize.com/qavah.ad-wize.com/vendor/laravel/framework/src/Illuminate/Foundation/Application.php(851): array_walk()
#29 /var/www/vhosts/ad-wize.com/qavah.ad-wize.com/vendor/laravel/framework/src/Illuminate/Foundation/Bootstrap/BootProviders.php(17): Illuminate\\Foundation\\Application->boot()
#30 /var/www/vhosts/ad-wize.com/qavah.ad-wize.com/vendor/laravel/framework/src/Illuminate/Foundation/Application.php(230): Illuminate\\Foundation\\Bootstrap\\BootProviders->bootstrap()
#31 /var/www/vhosts/ad-wize.com/qavah.ad-wize.com/vendor/laravel/framework/src/Illuminate/Foundation/Http/Kernel.php(151): Illuminate\\Foundation\\Application->bootstrapWith()
#32 /var/www/vhosts/ad-wize.com/qavah.ad-wize.com/vendor/laravel/framework/src/Illuminate/Foundation/Http/Kernel.php(135): Illuminate\\Foundation\\Http\\Kernel->bootstrap()
#33 /var/www/vhosts/ad-wize.com/qavah.ad-wize.com/vendor/laravel/framework/src/Illuminate/Foundation/Http/Kernel.php(109): Illuminate\\Foundation\\Http\\Kernel->sendRequestThroughRouter()
#34 /var/www/vhosts/ad-wize.com/qavah.ad-wize.com/public/index.php(55): Illuminate\\Foundation\\Http\\Kernel->handle()
#35 {main}
"} 
[2023-06-19 19:29:10] local.ERROR: SQLSTATE[HY000] [1698] Access denied for user 'root'@'localhost' (SQL: select `id`, `section_name`, `logo` from `sections` where (`section_name` = logo and `page_id` = 1) limit 1) {"exception":"[object] (Illuminate\\Database\\QueryException(code: 1698): SQLSTATE[HY000] [1698] Access denied for user 'root'@'localhost' (SQL: select `id`, `section_name`, `logo` from `sections` where (`section_name` = logo and `page_id` = 1) limit 1) at /var/www/vhosts/ad-wize.com/qavah.ad-wize.com/vendor/laravel/framework/src/Illuminate/Database/Connection.php:671)
[stacktrace]
#0 /var/www/vhosts/ad-wize.com/qavah.ad-wize.com/vendor/laravel/framework/src/Illuminate/Database/Connection.php(631): Illuminate\\Database\\Connection->runQueryCallback()
#1 /var/www/vhosts/ad-wize.com/qavah.ad-wize.com/vendor/laravel/framework/src/Illuminate/Database/Connection.php(339): Illuminate\\Database\\Connection->run()
#2 /var/www/vhosts/ad-wize.com/qavah.ad-wize.com/vendor/laravel/framework/src/Illuminate/Database/Query/Builder.php(2270): Illuminate\\Database\\Connection->select()
#3 /var/www/vhosts/ad-wize.com/qavah.ad-wize.com/vendor/laravel/framework/src/Illuminate/Database/Query/Builder.php(2258): Illuminate\\Database\\Query\\Builder->runSelect()
#4 /var/www/vhosts/ad-wize.com/qavah.ad-wize.com/vendor/laravel/framework/src/Illuminate/Database/Query/Builder.php(2753): Illuminate\\Database\\Query\\Builder->Illuminate\\Database\\Query\\{closure}()
#5 /var/www/vhosts/ad-wize.com/qavah.ad-wize.com/vendor/laravel/framework/src/Illuminate/Database/Query/Builder.php(2259): Illuminate\\Database\\Query\\Builder->onceWithColumns()
#6 /var/www/vhosts/ad-wize.com/qavah.ad-wize.com/vendor/laravel/framework/src/Illuminate/Database/Eloquent/Builder.php(548): Illuminate\\Database\\Query\\Builder->get()
#7 /var/www/vhosts/ad-wize.com/qavah.ad-wize.com/vendor/laravel/framework/src/Illuminate/Database/Eloquent/Builder.php(532): Illuminate\\Database\\Eloquent\\Builder->getModels()
#8 /var/www/vhosts/ad-wize.com/qavah.ad-wize.com/vendor/laravel/framework/src/Illuminate/Database/Concerns/BuildsQueries.php(143): Illuminate\\Database\\Eloquent\\Builder->get()
#9 /var/www/vhosts/ad-wize.com/qavah.ad-wize.com/app/Providers/AppServiceProvider.php(54): Illuminate\\Database\\Eloquent\\Builder->first()
#10 /var/www/vhosts/ad-wize.com/qavah.ad-wize.com/vendor/laravel/framework/src/Illuminate/Container/BoundMethod.php(36): App\\Providers\\AppServiceProvider->boot()
#11 /var/www/vhosts/ad-wize.com/qavah.ad-wize.com/vendor/laravel/framework/src/Illuminate/Container/Util.php(37): Illuminate\\Container\\BoundMethod::Illuminate\\Container\\{closure}()
#12 /var/www/vhosts/ad-wize.com/qavah.ad-wize.com/vendor/laravel/framework/src/Illuminate/Container/BoundMethod.php(93): Illuminate\\Container\\Util::unwrapIfClosure()
#13 /var/www/vhosts/ad-wize.com/qavah.ad-wize.com/vendor/laravel/framework/src/Illuminate/Container/BoundMethod.php(37): Illuminate\\Container\\BoundMethod::callBoundMethod()
#14 /var/www/vhosts/ad-wize.com/qavah.ad-wize.com/vendor/laravel/framework/src/Illuminate/Container/Container.php(596): Illuminate\\Container\\BoundMethod::call()
#15 /var/www/vhosts/ad-wize.com/qavah.ad-wize.com/vendor/laravel/framework/src/Illuminate/Foundation/Application.php(867): Illuminate\\Container\\Container->call()
#16 /var/www/vhosts/ad-wize.com/qavah.ad-wize.com/vendor/laravel/framework/src/Illuminate/Foundation/Application.php(850): Illuminate\\Foundation\\Application->bootProvider()
#17 [internal function]: Illuminate\\Foundation\\Application->Illuminate\\Foundation\\{closure}()
#18 /var/www/vhosts/ad-wize.com/qavah.ad-wize.com/vendor/laravel/framework/src/Illuminate/Foundation/Application.php(851): array_walk()
#19 /var/www/vhosts/ad-wize.com/qavah.ad-wize.com/vendor/laravel/framework/src/Illuminate/Foundation/Bootstrap/BootProviders.php(17): Illuminate\\Foundation\\Application->boot()
#20 /var/www/vhosts/ad-wize.com/qavah.ad-wize.com/vendor/laravel/framework/src/Illuminate/Foundation/Application.php(230): Illuminate\\Foundation\\Bootstrap\\BootProviders->bootstrap()
#21 /var/www/vhosts/ad-wize.com/qavah.ad-wize.com/vendor/laravel/framework/src/Illuminate/Foundation/Http/Kernel.php(151): Illuminate\\Foundation\\Application->bootstrapWith()
#22 /var/www/vhosts/ad-wize.com/qavah.ad-wize.com/vendor/laravel/framework/src/Illuminate/Foundation/Http/Kernel.php(135): Illuminate\\Foundation\\Http\\Kernel->bootstrap()
#23 /var/www/vhosts/ad-wize.com/qavah.ad-wize.com/vendor/laravel/framework/src/Illuminate/Foundation/Http/Kernel.php(109): Illuminate\\Foundation\\Http\\Kernel->sendRequestThroughRouter()
#24 /var/www/vhosts/ad-wize.com/qavah.ad-wize.com/public/index.php(55): Illuminate\\Foundation\\Http\\Kernel->handle()
#25 {main}

[previous exception] [object] (PDOException(code: 1698): SQLSTATE[HY000] [1698] Access denied for user 'root'@'localhost' at /var/www/vhosts/ad-wize.com/qavah.ad-wize.com/vendor/laravel/framework/src/Illuminate/Database/Connectors/Connector.php:70)
[stacktrace]
#0 /var/www/vhosts/ad-wize.com/qavah.ad-wize.com/vendor/laravel/framework/src/Illuminate/Database/Connectors/Connector.php(70): PDO->__construct()
#1 /var/www/vhosts/ad-wize.com/qavah.ad-wize.com/vendor/laravel/framework/src/Illuminate/Database/Connectors/Connector.php(46): Illuminate\\Database\\Connectors\\Connector->createPdoConnection()
#2 /var/www/vhosts/ad-wize.com/qavah.ad-wize.com/vendor/laravel/framework/src/Illuminate/Database/Connectors/MySqlConnector.php(24): Illuminate\\Database\\Connectors\\Connector->createConnection()
#3 /var/www/vhosts/ad-wize.com/qavah.ad-wize.com/vendor/laravel/framework/src/Illuminate/Database/Connectors/ConnectionFactory.php(184): Illuminate\\Database\\Connectors\\MySqlConnector->connect()
#4 [internal function]: Illuminate\\Database\\Connectors\\ConnectionFactory->Illuminate\\Database\\Connectors\\{closure}()
#5 /var/www/vhosts/ad-wize.com/qavah.ad-wize.com/vendor/laravel/framework/src/Illuminate/Database/Connection.php(926): call_user_func()
#6 /var/www/vhosts/ad-wize.com/qavah.ad-wize.com/vendor/laravel/framework/src/Illuminate/Database/Connection.php(961): Illuminate\\Database\\Connection->getPdo()
#7 /var/www/vhosts/ad-wize.com/qavah.ad-wize.com/vendor/laravel/framework/src/Illuminate/Database/Connection.php(405): Illuminate\\Database\\Connection->getReadPdo()
#8 /var/www/vhosts/ad-wize.com/qavah.ad-wize.com/vendor/laravel/framework/src/Illuminate/Database/Connection.php(331): Illuminate\\Database\\Connection->getPdoForSelect()
#9 /var/www/vhosts/ad-wize.com/qavah.ad-wize.com/vendor/laravel/framework/src/Illuminate/Database/Connection.php(664): Illuminate\\Database\\Connection->Illuminate\\Database\\{closure}()
#10 /var/www/vhosts/ad-wize.com/qavah.ad-wize.com/vendor/laravel/framework/src/Illuminate/Database/Connection.php(631): Illuminate\\Database\\Connection->runQueryCallback()
#11 /var/www/vhosts/ad-wize.com/qavah.ad-wize.com/vendor/laravel/framework/src/Illuminate/Database/Connection.php(339): Illuminate\\Database\\Connection->run()
#12 /var/www/vhosts/ad-wize.com/qavah.ad-wize.com/vendor/laravel/framework/src/Illuminate/Database/Query/Builder.php(2270): Illuminate\\Database\\Connection->select()
#13 /var/www/vhosts/ad-wize.com/qavah.ad-wize.com/vendor/laravel/framework/src/Illuminate/Database/Query/Builder.php(2258): Illuminate\\Database\\Query\\Builder->runSelect()
#14 /var/www/vhosts/ad-wize.com/qavah.ad-wize.com/vendor/laravel/framework/src/Illuminate/Database/Query/Builder.php(2753): Illuminate\\Database\\Query\\Builder->Illuminate\\Database\\Query\\{closure}()
#15 /var/www/vhosts/ad-wize.com/qavah.ad-wize.com/vendor/laravel/framework/src/Illuminate/Database/Query/Builder.php(2259): Illuminate\\Database\\Query\\Builder->onceWithColumns()
#16 /var/www/vhosts/ad-wize.com/qavah.ad-wize.com/vendor/laravel/framework/src/Illuminate/Database/Eloquent/Builder.php(548): Illuminate\\Database\\Query\\Builder->get()
#17 /var/www/vhosts/ad-wize.com/qavah.ad-wize.com/vendor/laravel/framework/src/Illuminate/Database/Eloquent/Builder.php(532): Illuminate\\Database\\Eloquent\\Builder->getModels()
#18 /var/www/vhosts/ad-wize.com/qavah.ad-wize.com/vendor/laravel/framework/src/Illuminate/Database/Concerns/BuildsQueries.php(143): Illuminate\\Database\\Eloquent\\Builder->get()
#19 /var/www/vhosts/ad-wize.com/qavah.ad-wize.com/app/Providers/AppServiceProvider.php(54): Illuminate\\Database\\Eloquent\\Builder->first()
#20 /var/www/vhosts/ad-wize.com/qavah.ad-wize.com/vendor/laravel/framework/src/Illuminate/Container/BoundMethod.php(36): App\\Providers\\AppServiceProvider->boot()
#21 /var/www/vhosts/ad-wize.com/qavah.ad-wize.com/vendor/laravel/framework/src/Illuminate/Container/Util.php(37): Illuminate\\Container\\BoundMethod::Illuminate\\Container\\{closure}()
#22 /var/www/vhosts/ad-wize.com/qavah.ad-wize.com/vendor/laravel/framework/src/Illuminate/Container/BoundMethod.php(93): Illuminate\\Container\\Util::unwrapIfClosure()
#23 /var/www/vhosts/ad-wize.com/qavah.ad-wize.com/vendor/laravel/framework/src/Illuminate/Container/BoundMethod.php(37): Illuminate\\Container\\BoundMethod::callBoundMethod()
#24 /var/www/vhosts/ad-wize.com/qavah.ad-wize.com/vendor/laravel/framework/src/Illuminate/Container/Container.php(596): Illuminate\\Container\\BoundMethod::call()
#25 /var/www/vhosts/ad-wize.com/qavah.ad-wize.com/vendor/laravel/framework/src/Illuminate/Foundation/Application.php(867): Illuminate\\Container\\Container->call()
#26 /var/www/vhosts/ad-wize.com/qavah.ad-wize.com/vendor/laravel/framework/src/Illuminate/Foundation/Application.php(850): Illuminate\\Foundation\\Application->bootProvider()
#27 [internal function]: Illuminate\\Foundation\\Application->Illuminate\\Foundation\\{closure}()
#28 /var/www/vhosts/ad-wize.com/qavah.ad-wize.com/vendor/laravel/framework/src/Illuminate/Foundation/Application.php(851): array_walk()
#29 /var/www/vhosts/ad-wize.com/qavah.ad-wize.com/vendor/laravel/framework/src/Illuminate/Foundation/Bootstrap/BootProviders.php(17): Illuminate\\Foundation\\Application->boot()
#30 /var/www/vhosts/ad-wize.com/qavah.ad-wize.com/vendor/laravel/framework/src/Illuminate/Foundation/Application.php(230): Illuminate\\Foundation\\Bootstrap\\BootProviders->bootstrap()
#31 /var/www/vhosts/ad-wize.com/qavah.ad-wize.com/vendor/laravel/framework/src/Illuminate/Foundation/Http/Kernel.php(151): Illuminate\\Foundation\\Application->bootstrapWith()
#32 /var/www/vhosts/ad-wize.com/qavah.ad-wize.com/vendor/laravel/framework/src/Illuminate/Foundation/Http/Kernel.php(135): Illuminate\\Foundation\\Http\\Kernel->bootstrap()
#33 /var/www/vhosts/ad-wize.com/qavah.ad-wize.com/vendor/laravel/framework/src/Illuminate/Foundation/Http/Kernel.php(109): Illuminate\\Foundation\\Http\\Kernel->sendRequestThroughRouter()
#34 /var/www/vhosts/ad-wize.com/qavah.ad-wize.com/public/index.php(55): Illuminate\\Foundation\\Http\\Kernel->handle()
#35 {main}
"} 
[2023-06-19 19:29:12] local.ERROR: SQLSTATE[HY000] [1698] Access denied for user 'root'@'localhost' (SQL: select `id`, `section_name`, `logo` from `sections` where (`section_name` = logo and `page_id` = 1) limit 1) {"exception":"[object] (Illuminate\\Database\\QueryException(code: 1698): SQLSTATE[HY000] [1698] Access denied for user 'root'@'localhost' (SQL: select `id`, `section_name`, `logo` from `sections` where (`section_name` = logo and `page_id` = 1) limit 1) at /var/www/vhosts/ad-wize.com/qavah.ad-wize.com/vendor/laravel/framework/src/Illuminate/Database/Connection.php:671)
[stacktrace]
#0 /var/www/vhosts/ad-wize.com/qavah.ad-wize.com/vendor/laravel/framework/src/Illuminate/Database/Connection.php(631): Illuminate\\Database\\Connection->runQueryCallback()
#1 /var/www/vhosts/ad-wize.com/qavah.ad-wize.com/vendor/laravel/framework/src/Illuminate/Database/Connection.php(339): Illuminate\\Database\\Connection->run()
#2 /var/www/vhosts/ad-wize.com/qavah.ad-wize.com/vendor/laravel/framework/src/Illuminate/Database/Query/Builder.php(2270): Illuminate\\Database\\Connection->select()
#3 /var/www/vhosts/ad-wize.com/qavah.ad-wize.com/vendor/laravel/framework/src/Illuminate/Database/Query/Builder.php(2258): Illuminate\\Database\\Query\\Builder->runSelect()
#4 /var/www/vhosts/ad-wize.com/qavah.ad-wize.com/vendor/laravel/framework/src/Illuminate/Database/Query/Builder.php(2753): Illuminate\\Database\\Query\\Builder->Illuminate\\Database\\Query\\{closure}()
#5 /var/www/vhosts/ad-wize.com/qavah.ad-wize.com/vendor/laravel/framework/src/Illuminate/Database/Query/Builder.php(2259): Illuminate\\Database\\Query\\Builder->onceWithColumns()
#6 /var/www/vhosts/ad-wize.com/qavah.ad-wize.com/vendor/laravel/framework/src/Illuminate/Database/Eloquent/Builder.php(548): Illuminate\\Database\\Query\\Builder->get()
#7 /var/www/vhosts/ad-wize.com/qavah.ad-wize.com/vendor/laravel/framework/src/Illuminate/Database/Eloquent/Builder.php(532): Illuminate\\Database\\Eloquent\\Builder->getModels()
#8 /var/www/vhosts/ad-wize.com/qavah.ad-wize.com/vendor/laravel/framework/src/Illuminate/Database/Concerns/BuildsQueries.php(143): Illuminate\\Database\\Eloquent\\Builder->get()
#9 /var/www/vhosts/ad-wize.com/qavah.ad-wize.com/app/Providers/AppServiceProvider.php(54): Illuminate\\Database\\Eloquent\\Builder->first()
#10 /var/www/vhosts/ad-wize.com/qavah.ad-wize.com/vendor/laravel/framework/src/Illuminate/Container/BoundMethod.php(36): App\\Providers\\AppServiceProvider->boot()
#11 /var/www/vhosts/ad-wize.com/qavah.ad-wize.com/vendor/laravel/framework/src/Illuminate/Container/Util.php(37): Illuminate\\Container\\BoundMethod::Illuminate\\Container\\{closure}()
#12 /var/www/vhosts/ad-wize.com/qavah.ad-wize.com/vendor/laravel/framework/src/Illuminate/Container/BoundMethod.php(93): Illuminate\\Container\\Util::unwrapIfClosure()
#13 /var/www/vhosts/ad-wize.com/qavah.ad-wize.com/vendor/laravel/framework/src/Illuminate/Container/BoundMethod.php(37): Illuminate\\Container\\BoundMethod::callBoundMethod()
#14 /var/www/vhosts/ad-wize.com/qavah.ad-wize.com/vendor/laravel/framework/src/Illuminate/Container/Container.php(596): Illuminate\\Container\\BoundMethod::call()
#15 /var/www/vhosts/ad-wize.com/qavah.ad-wize.com/vendor/laravel/framework/src/Illuminate/Foundation/Application.php(867): Illuminate\\Container\\Container->call()
#16 /var/www/vhosts/ad-wize.com/qavah.ad-wize.com/vendor/laravel/framework/src/Illuminate/Foundation/Application.php(850): Illuminate\\Foundation\\Application->bootProvider()
#17 [internal function]: Illuminate\\Foundation\\Application->Illuminate\\Foundation\\{closure}()
#18 /var/www/vhosts/ad-wize.com/qavah.ad-wize.com/vendor/laravel/framework/src/Illuminate/Foundation/Application.php(851): array_walk()
#19 /var/www/vhosts/ad-wize.com/qavah.ad-wize.com/vendor/laravel/framework/src/Illuminate/Foundation/Bootstrap/BootProviders.php(17): Illuminate\\Foundation\\Application->boot()
#20 /var/www/vhosts/ad-wize.com/qavah.ad-wize.com/vendor/laravel/framework/src/Illuminate/Foundation/Application.php(230): Illuminate\\Foundation\\Bootstrap\\BootProviders->bootstrap()
#21 /var/www/vhosts/ad-wize.com/qavah.ad-wize.com/vendor/laravel/framework/src/Illuminate/Foundation/Http/Kernel.php(151): Illuminate\\Foundation\\Application->bootstrapWith()
#22 /var/www/vhosts/ad-wize.com/qavah.ad-wize.com/vendor/laravel/framework/src/Illuminate/Foundation/Http/Kernel.php(135): Illuminate\\Foundation\\Http\\Kernel->bootstrap()
#23 /var/www/vhosts/ad-wize.com/qavah.ad-wize.com/vendor/laravel/framework/src/Illuminate/Foundation/Http/Kernel.php(109): Illuminate\\Foundation\\Http\\Kernel->sendRequestThroughRouter()
#24 /var/www/vhosts/ad-wize.com/qavah.ad-wize.com/public/index.php(55): Illuminate\\Foundation\\Http\\Kernel->handle()
#25 {main}

[previous exception] [object] (PDOException(code: 1698): SQLSTATE[HY000] [1698] Access denied for user 'root'@'localhost' at /var/www/vhosts/ad-wize.com/qavah.ad-wize.com/vendor/laravel/framework/src/Illuminate/Database/Connectors/Connector.php:70)
[stacktrace]
#0 /var/www/vhosts/ad-wize.com/qavah.ad-wize.com/vendor/laravel/framework/src/Illuminate/Database/Connectors/Connector.php(70): PDO->__construct()
#1 /var/www/vhosts/ad-wize.com/qavah.ad-wize.com/vendor/laravel/framework/src/Illuminate/Database/Connectors/Connector.php(46): Illuminate\\Database\\Connectors\\Connector->createPdoConnection()
#2 /var/www/vhosts/ad-wize.com/qavah.ad-wize.com/vendor/laravel/framework/src/Illuminate/Database/Connectors/MySqlConnector.php(24): Illuminate\\Database\\Connectors\\Connector->createConnection()
#3 /var/www/vhosts/ad-wize.com/qavah.ad-wize.com/vendor/laravel/framework/src/Illuminate/Database/Connectors/ConnectionFactory.php(184): Illuminate\\Database\\Connectors\\MySqlConnector->connect()
#4 [internal function]: Illuminate\\Database\\Connectors\\ConnectionFactory->Illuminate\\Database\\Connectors\\{closure}()
#5 /var/www/vhosts/ad-wize.com/qavah.ad-wize.com/vendor/laravel/framework/src/Illuminate/Database/Connection.php(926): call_user_func()
#6 /var/www/vhosts/ad-wize.com/qavah.ad-wize.com/vendor/laravel/framework/src/Illuminate/Database/Connection.php(961): Illuminate\\Database\\Connection->getPdo()
#7 /var/www/vhosts/ad-wize.com/qavah.ad-wize.com/vendor/laravel/framework/src/Illuminate/Database/Connection.php(405): Illuminate\\Database\\Connection->getReadPdo()
#8 /var/www/vhosts/ad-wize.com/qavah.ad-wize.com/vendor/laravel/framework/src/Illuminate/Database/Connection.php(331): Illuminate\\Database\\Connection->getPdoForSelect()
#9 /var/www/vhosts/ad-wize.com/qavah.ad-wize.com/vendor/laravel/framework/src/Illuminate/Database/Connection.php(664): Illuminate\\Database\\Connection->Illuminate\\Database\\{closure}()
#10 /var/www/vhosts/ad-wize.com/qavah.ad-wize.com/vendor/laravel/framework/src/Illuminate/Database/Connection.php(631): Illuminate\\Database\\Connection->runQueryCallback()
#11 /var/www/vhosts/ad-wize.com/qavah.ad-wize.com/vendor/laravel/framework/src/Illuminate/Database/Connection.php(339): Illuminate\\Database\\Connection->run()
#12 /var/www/vhosts/ad-wize.com/qavah.ad-wize.com/vendor/laravel/framework/src/Illuminate/Database/Query/Builder.php(2270): Illuminate\\Database\\Connection->select()
#13 /var/www/vhosts/ad-wize.com/qavah.ad-wize.com/vendor/laravel/framework/src/Illuminate/Database/Query/Builder.php(2258): Illuminate\\Database\\Query\\Builder->runSelect()
#14 /var/www/vhosts/ad-wize.com/qavah.ad-wize.com/vendor/laravel/framework/src/Illuminate/Database/Query/Builder.php(2753): Illuminate\\Database\\Query\\Builder->Illuminate\\Database\\Query\\{closure}()
#15 /var/www/vhosts/ad-wize.com/qavah.ad-wize.com/vendor/laravel/framework/src/Illuminate/Database/Query/Builder.php(2259): Illuminate\\Database\\Query\\Builder->onceWithColumns()
#16 /var/www/vhosts/ad-wize.com/qavah.ad-wize.com/vendor/laravel/framework/src/Illuminate/Database/Eloquent/Builder.php(548): Illuminate\\Database\\Query\\Builder->get()
#17 /var/www/vhosts/ad-wize.com/qavah.ad-wize.com/vendor/laravel/framework/src/Illuminate/Database/Eloquent/Builder.php(532): Illuminate\\Database\\Eloquent\\Builder->getModels()
#18 /var/www/vhosts/ad-wize.com/qavah.ad-wize.com/vendor/laravel/framework/src/Illuminate/Database/Concerns/BuildsQueries.php(143): Illuminate\\Database\\Eloquent\\Builder->get()
#19 /var/www/vhosts/ad-wize.com/qavah.ad-wize.com/app/Providers/AppServiceProvider.php(54): Illuminate\\Database\\Eloquent\\Builder->first()
#20 /var/www/vhosts/ad-wize.com/qavah.ad-wize.com/vendor/laravel/framework/src/Illuminate/Container/BoundMethod.php(36): App\\Providers\\AppServiceProvider->boot()
#21 /var/www/vhosts/ad-wize.com/qavah.ad-wize.com/vendor/laravel/framework/src/Illuminate/Container/Util.php(37): Illuminate\\Container\\BoundMethod::Illuminate\\Container\\{closure}()
#22 /var/www/vhosts/ad-wize.com/qavah.ad-wize.com/vendor/laravel/framework/src/Illuminate/Container/BoundMethod.php(93): Illuminate\\Container\\Util::unwrapIfClosure()
#23 /var/www/vhosts/ad-wize.com/qavah.ad-wize.com/vendor/laravel/framework/src/Illuminate/Container/BoundMethod.php(37): Illuminate\\Container\\BoundMethod::callBoundMethod()
#24 /var/www/vhosts/ad-wize.com/qavah.ad-wize.com/vendor/laravel/framework/src/Illuminate/Container/Container.php(596): Illuminate\\Container\\BoundMethod::call()
#25 /var/www/vhosts/ad-wize.com/qavah.ad-wize.com/vendor/laravel/framework/src/Illuminate/Foundation/Application.php(867): Illuminate\\Container\\Container->call()
#26 /var/www/vhosts/ad-wize.com/qavah.ad-wize.com/vendor/laravel/framework/src/Illuminate/Foundation/Application.php(850): Illuminate\\Foundation\\Application->bootProvider()
#27 [internal function]: Illuminate\\Foundation\\Application->Illuminate\\Foundation\\{closure}()
#28 /var/www/vhosts/ad-wize.com/qavah.ad-wize.com/vendor/laravel/framework/src/Illuminate/Foundation/Application.php(851): array_walk()
#29 /var/www/vhosts/ad-wize.com/qavah.ad-wize.com/vendor/laravel/framework/src/Illuminate/Foundation/Bootstrap/BootProviders.php(17): Illuminate\\Foundation\\Application->boot()
#30 /var/www/vhosts/ad-wize.com/qavah.ad-wize.com/vendor/laravel/framework/src/Illuminate/Foundation/Application.php(230): Illuminate\\Foundation\\Bootstrap\\BootProviders->bootstrap()
#31 /var/www/vhosts/ad-wize.com/qavah.ad-wize.com/vendor/laravel/framework/src/Illuminate/Foundation/Http/Kernel.php(151): Illuminate\\Foundation\\Application->bootstrapWith()
#32 /var/www/vhosts/ad-wize.com/qavah.ad-wize.com/vendor/laravel/framework/src/Illuminate/Foundation/Http/Kernel.php(135): Illuminate\\Foundation\\Http\\Kernel->bootstrap()
#33 /var/www/vhosts/ad-wize.com/qavah.ad-wize.com/vendor/laravel/framework/src/Illuminate/Foundation/Http/Kernel.php(109): Illuminate\\Foundation\\Http\\Kernel->sendRequestThroughRouter()
#34 /var/www/vhosts/ad-wize.com/qavah.ad-wize.com/public/index.php(55): Illuminate\\Foundation\\Http\\Kernel->handle()
#35 {main}
"} 
[2023-06-19 19:29:40] local.ERROR: SQLSTATE[HY000] [1698] Access denied for user 'root'@'localhost' (SQL: select `id`, `section_name`, `logo` from `sections` where (`section_name` = logo and `page_id` = 1) limit 1) {"exception":"[object] (Illuminate\\Database\\QueryException(code: 1698): SQLSTATE[HY000] [1698] Access denied for user 'root'@'localhost' (SQL: select `id`, `section_name`, `logo` from `sections` where (`section_name` = logo and `page_id` = 1) limit 1) at /var/www/vhosts/ad-wize.com/qavah.ad-wize.com/vendor/laravel/framework/src/Illuminate/Database/Connection.php:671)
[stacktrace]
#0 /var/www/vhosts/ad-wize.com/qavah.ad-wize.com/vendor/laravel/framework/src/Illuminate/Database/Connection.php(631): Illuminate\\Database\\Connection->runQueryCallback()
#1 /var/www/vhosts/ad-wize.com/qavah.ad-wize.com/vendor/laravel/framework/src/Illuminate/Database/Connection.php(339): Illuminate\\Database\\Connection->run()
#2 /var/www/vhosts/ad-wize.com/qavah.ad-wize.com/vendor/laravel/framework/src/Illuminate/Database/Query/Builder.php(2270): Illuminate\\Database\\Connection->select()
#3 /var/www/vhosts/ad-wize.com/qavah.ad-wize.com/vendor/laravel/framework/src/Illuminate/Database/Query/Builder.php(2258): Illuminate\\Database\\Query\\Builder->runSelect()
#4 /var/www/vhosts/ad-wize.com/qavah.ad-wize.com/vendor/laravel/framework/src/Illuminate/Database/Query/Builder.php(2753): Illuminate\\Database\\Query\\Builder->Illuminate\\Database\\Query\\{closure}()
#5 /var/www/vhosts/ad-wize.com/qavah.ad-wize.com/vendor/laravel/framework/src/Illuminate/Database/Query/Builder.php(2259): Illuminate\\Database\\Query\\Builder->onceWithColumns()
#6 /var/www/vhosts/ad-wize.com/qavah.ad-wize.com/vendor/laravel/framework/src/Illuminate/Database/Eloquent/Builder.php(548): Illuminate\\Database\\Query\\Builder->get()
#7 /var/www/vhosts/ad-wize.com/qavah.ad-wize.com/vendor/laravel/framework/src/Illuminate/Database/Eloquent/Builder.php(532): Illuminate\\Database\\Eloquent\\Builder->getModels()
#8 /var/www/vhosts/ad-wize.com/qavah.ad-wize.com/vendor/laravel/framework/src/Illuminate/Database/Concerns/BuildsQueries.php(143): Illuminate\\Database\\Eloquent\\Builder->get()
#9 /var/www/vhosts/ad-wize.com/qavah.ad-wize.com/app/Providers/AppServiceProvider.php(54): Illuminate\\Database\\Eloquent\\Builder->first()
#10 /var/www/vhosts/ad-wize.com/qavah.ad-wize.com/vendor/laravel/framework/src/Illuminate/Container/BoundMethod.php(36): App\\Providers\\AppServiceProvider->boot()
#11 /var/www/vhosts/ad-wize.com/qavah.ad-wize.com/vendor/laravel/framework/src/Illuminate/Container/Util.php(37): Illuminate\\Container\\BoundMethod::Illuminate\\Container\\{closure}()
#12 /var/www/vhosts/ad-wize.com/qavah.ad-wize.com/vendor/laravel/framework/src/Illuminate/Container/BoundMethod.php(93): Illuminate\\Container\\Util::unwrapIfClosure()
#13 /var/www/vhosts/ad-wize.com/qavah.ad-wize.com/vendor/laravel/framework/src/Illuminate/Container/BoundMethod.php(37): Illuminate\\Container\\BoundMethod::callBoundMethod()
#14 /var/www/vhosts/ad-wize.com/qavah.ad-wize.com/vendor/laravel/framework/src/Illuminate/Container/Container.php(596): Illuminate\\Container\\BoundMethod::call()
#15 /var/www/vhosts/ad-wize.com/qavah.ad-wize.com/vendor/laravel/framework/src/Illuminate/Foundation/Application.php(867): Illuminate\\Container\\Container->call()
#16 /var/www/vhosts/ad-wize.com/qavah.ad-wize.com/vendor/laravel/framework/src/Illuminate/Foundation/Application.php(850): Illuminate\\Foundation\\Application->bootProvider()
#17 [internal function]: Illuminate\\Foundation\\Application->Illuminate\\Foundation\\{closure}()
#18 /var/www/vhosts/ad-wize.com/qavah.ad-wize.com/vendor/laravel/framework/src/Illuminate/Foundation/Application.php(851): array_walk()
#19 /var/www/vhosts/ad-wize.com/qavah.ad-wize.com/vendor/laravel/framework/src/Illuminate/Foundation/Bootstrap/BootProviders.php(17): Illuminate\\Foundation\\Application->boot()
#20 /var/www/vhosts/ad-wize.com/qavah.ad-wize.com/vendor/laravel/framework/src/Illuminate/Foundation/Application.php(230): Illuminate\\Foundation\\Bootstrap\\BootProviders->bootstrap()
#21 /var/www/vhosts/ad-wize.com/qavah.ad-wize.com/vendor/laravel/framework/src/Illuminate/Foundation/Http/Kernel.php(151): Illuminate\\Foundation\\Application->bootstrapWith()
#22 /var/www/vhosts/ad-wize.com/qavah.ad-wize.com/vendor/laravel/framework/src/Illuminate/Foundation/Http/Kernel.php(135): Illuminate\\Foundation\\Http\\Kernel->bootstrap()
#23 /var/www/vhosts/ad-wize.com/qavah.ad-wize.com/vendor/laravel/framework/src/Illuminate/Foundation/Http/Kernel.php(109): Illuminate\\Foundation\\Http\\Kernel->sendRequestThroughRouter()
#24 /var/www/vhosts/ad-wize.com/qavah.ad-wize.com/public/index.php(55): Illuminate\\Foundation\\Http\\Kernel->handle()
#25 {main}

[previous exception] [object] (PDOException(code: 1698): SQLSTATE[HY000] [1698] Access denied for user 'root'@'localhost' at /var/www/vhosts/ad-wize.com/qavah.ad-wize.com/vendor/laravel/framework/src/Illuminate/Database/Connectors/Connector.php:70)
[stacktrace]
#0 /var/www/vhosts/ad-wize.com/qavah.ad-wize.com/vendor/laravel/framework/src/Illuminate/Database/Connectors/Connector.php(70): PDO->__construct()
#1 /var/www/vhosts/ad-wize.com/qavah.ad-wize.com/vendor/laravel/framework/src/Illuminate/Database/Connectors/Connector.php(46): Illuminate\\Database\\Connectors\\Connector->createPdoConnection()
#2 /var/www/vhosts/ad-wize.com/qavah.ad-wize.com/vendor/laravel/framework/src/Illuminate/Database/Connectors/MySqlConnector.php(24): Illuminate\\Database\\Connectors\\Connector->createConnection()
#3 /var/www/vhosts/ad-wize.com/qavah.ad-wize.com/vendor/laravel/framework/src/Illuminate/Database/Connectors/ConnectionFactory.php(184): Illuminate\\Database\\Connectors\\MySqlConnector->connect()
#4 [internal function]: Illuminate\\Database\\Connectors\\ConnectionFactory->Illuminate\\Database\\Connectors\\{closure}()
#5 /var/www/vhosts/ad-wize.com/qavah.ad-wize.com/vendor/laravel/framework/src/Illuminate/Database/Connection.php(926): call_user_func()
#6 /var/www/vhosts/ad-wize.com/qavah.ad-wize.com/vendor/laravel/framework/src/Illuminate/Database/Connection.php(961): Illuminate\\Database\\Connection->getPdo()
#7 /var/www/vhosts/ad-wize.com/qavah.ad-wize.com/vendor/laravel/framework/src/Illuminate/Database/Connection.php(405): Illuminate\\Database\\Connection->getReadPdo()
#8 /var/www/vhosts/ad-wize.com/qavah.ad-wize.com/vendor/laravel/framework/src/Illuminate/Database/Connection.php(331): Illuminate\\Database\\Connection->getPdoForSelect()
#9 /var/www/vhosts/ad-wize.com/qavah.ad-wize.com/vendor/laravel/framework/src/Illuminate/Database/Connection.php(664): Illuminate\\Database\\Connection->Illuminate\\Database\\{closure}()
#10 /var/www/vhosts/ad-wize.com/qavah.ad-wize.com/vendor/laravel/framework/src/Illuminate/Database/Connection.php(631): Illuminate\\Database\\Connection->runQueryCallback()
#11 /var/www/vhosts/ad-wize.com/qavah.ad-wize.com/vendor/laravel/framework/src/Illuminate/Database/Connection.php(339): Illuminate\\Database\\Connection->run()
#12 /var/www/vhosts/ad-wize.com/qavah.ad-wize.com/vendor/laravel/framework/src/Illuminate/Database/Query/Builder.php(2270): Illuminate\\Database\\Connection->select()
#13 /var/www/vhosts/ad-wize.com/qavah.ad-wize.com/vendor/laravel/framework/src/Illuminate/Database/Query/Builder.php(2258): Illuminate\\Database\\Query\\Builder->runSelect()
#14 /var/www/vhosts/ad-wize.com/qavah.ad-wize.com/vendor/laravel/framework/src/Illuminate/Database/Query/Builder.php(2753): Illuminate\\Database\\Query\\Builder->Illuminate\\Database\\Query\\{closure}()
#15 /var/www/vhosts/ad-wize.com/qavah.ad-wize.com/vendor/laravel/framework/src/Illuminate/Database/Query/Builder.php(2259): Illuminate\\Database\\Query\\Builder->onceWithColumns()
#16 /var/www/vhosts/ad-wize.com/qavah.ad-wize.com/vendor/laravel/framework/src/Illuminate/Database/Eloquent/Builder.php(548): Illuminate\\Database\\Query\\Builder->get()
#17 /var/www/vhosts/ad-wize.com/qavah.ad-wize.com/vendor/laravel/framework/src/Illuminate/Database/Eloquent/Builder.php(532): Illuminate\\Database\\Eloquent\\Builder->getModels()
#18 /var/www/vhosts/ad-wize.com/qavah.ad-wize.com/vendor/laravel/framework/src/Illuminate/Database/Concerns/BuildsQueries.php(143): Illuminate\\Database\\Eloquent\\Builder->get()
#19 /var/www/vhosts/ad-wize.com/qavah.ad-wize.com/app/Providers/AppServiceProvider.php(54): Illuminate\\Database\\Eloquent\\Builder->first()
#20 /var/www/vhosts/ad-wize.com/qavah.ad-wize.com/vendor/laravel/framework/src/Illuminate/Container/BoundMethod.php(36): App\\Providers\\AppServiceProvider->boot()
#21 /var/www/vhosts/ad-wize.com/qavah.ad-wize.com/vendor/laravel/framework/src/Illuminate/Container/Util.php(37): Illuminate\\Container\\BoundMethod::Illuminate\\Container\\{closure}()
#22 /var/www/vhosts/ad-wize.com/qavah.ad-wize.com/vendor/laravel/framework/src/Illuminate/Container/BoundMethod.php(93): Illuminate\\Container\\Util::unwrapIfClosure()
#23 /var/www/vhosts/ad-wize.com/qavah.ad-wize.com/vendor/laravel/framework/src/Illuminate/Container/BoundMethod.php(37): Illuminate\\Container\\BoundMethod::callBoundMethod()
#24 /var/www/vhosts/ad-wize.com/qavah.ad-wize.com/vendor/laravel/framework/src/Illuminate/Container/Container.php(596): Illuminate\\Container\\BoundMethod::call()
#25 /var/www/vhosts/ad-wize.com/qavah.ad-wize.com/vendor/laravel/framework/src/Illuminate/Foundation/Application.php(867): Illuminate\\Container\\Container->call()
#26 /var/www/vhosts/ad-wize.com/qavah.ad-wize.com/vendor/laravel/framework/src/Illuminate/Foundation/Application.php(850): Illuminate\\Foundation\\Application->bootProvider()
#27 [internal function]: Illuminate\\Foundation\\Application->Illuminate\\Foundation\\{closure}()
#28 /var/www/vhosts/ad-wize.com/qavah.ad-wize.com/vendor/laravel/framework/src/Illuminate/Foundation/Application.php(851): array_walk()
#29 /var/www/vhosts/ad-wize.com/qavah.ad-wize.com/vendor/laravel/framework/src/Illuminate/Foundation/Bootstrap/BootProviders.php(17): Illuminate\\Foundation\\Application->boot()
#30 /var/www/vhosts/ad-wize.com/qavah.ad-wize.com/vendor/laravel/framework/src/Illuminate/Foundation/Application.php(230): Illuminate\\Foundation\\Bootstrap\\BootProviders->bootstrap()
#31 /var/www/vhosts/ad-wize.com/qavah.ad-wize.com/vendor/laravel/framework/src/Illuminate/Foundation/Http/Kernel.php(151): Illuminate\\Foundation\\Application->bootstrapWith()
#32 /var/www/vhosts/ad-wize.com/qavah.ad-wize.com/vendor/laravel/framework/src/Illuminate/Foundation/Http/Kernel.php(135): Illuminate\\Foundation\\Http\\Kernel->bootstrap()
#33 /var/www/vhosts/ad-wize.com/qavah.ad-wize.com/vendor/laravel/framework/src/Illuminate/Foundation/Http/Kernel.php(109): Illuminate\\Foundation\\Http\\Kernel->sendRequestThroughRouter()
#34 /var/www/vhosts/ad-wize.com/qavah.ad-wize.com/public/index.php(55): Illuminate\\Foundation\\Http\\Kernel->handle()
#35 {main}
"} 
